Arguments: 
  C:\Program Files\nodejs\node.exe C:\Users\jose\AppData\Roaming\npm\node_modules\yarn\bin\yarn.js add yarngs

PATH: 
  C:\Windows\system32;C:\Windows;C:\Windows\System32\Wbem;C:\Windows\System32\WindowsPowerShell\v1.0\;C:\Windows\System32\OpenSSH\;C:\Program Files (x86)\Intel\Intel(R) Management Engine Components\DAL;C:\Program Files\Intel\Intel(R) Management Engine Components\DAL;C:\ProgramData\chocolatey\bin;C:\Program Files\Git\cmd;C:\Program Files\nodejs\;C:\Program Files\GitHub CLI\;C:\Program Files\Docker\Docker\resources\bin;C:\ProgramData\DockerDesktop\version-bin;C:\Program Files\dotnet\;C:\Program Files\Go\bin;C:\Users\jose\AppData\Local\Programs\Python\Python37\Scripts\;C:\Users\jose\AppData\Local\Programs\Python\Python37\;C:\Users\jose\AppData\Local\Programs\Python\Python310\Scripts\;C:\Users\jose\AppData\Local\Programs\Python\Python310\;C:\Users\jose\AppData\Local\Microsoft\WindowsApps;C:\Users\jose\AppData\Roaming\npm;C:\Users\jose\AppData\Local\Programs\Microsoft VS Code\bin;C:\Users\jose\AppData\Local\JetBrains\Toolbox\scripts;C:\Users\jose\.dotnet\tools;C:\Users\jose\go\bin

Yarn version: 
  1.22.19

Node version: 
  16.17.0

Platform: 
  win32 x64

Trace: 
  Error: https://registry.yarnpkg.com/yarngs: Not found
      at Request.params.callback [as _callback] (C:\Users\jose\AppData\Roaming\npm\node_modules\yarn\lib\cli.js:66145:18)
      at Request.self.callback (C:\Users\jose\AppData\Roaming\npm\node_modules\yarn\lib\cli.js:140890:22)
      at Request.emit (node:events:513:28)
      at Request.<anonymous> (C:\Users\jose\AppData\Roaming\npm\node_modules\yarn\lib\cli.js:141862:10)
      at Request.emit (node:events:513:28)
      at IncomingMessage.<anonymous> (C:\Users\jose\AppData\Roaming\npm\node_modules\yarn\lib\cli.js:141784:12)
      at Object.onceWrapper (node:events:627:28)
      at IncomingMessage.emit (node:events:525:35)
      at endReadableNT (node:internal/streams/readable:1358:12)
      at processTicksAndRejections (node:internal/process/task_queues:83:21)

npm manifest: 
  {
    "name": "proyecto-cripto-14",
    "version": "1.0.0",
    "main": "index.js",
    "license": "MIT"
  }

yarn manifest: 
  No manifest

Lockfile: 
  No lockfile
